<?xml version="1.0" encoding="UTF-8"?>
<!-- Generated by org.testng.reporters.JUnitReportReporter -->
<testsuite hostname="DESKTOP-521VH08" failures="0" tests="1" name="TestCase3" time="10.442" errors="0" timestamp="2021-04-03T21:07:52 BST" skipped="0">
  <testcase classname="TestCase3" name="pressKeysTest" time="10.442"/>
  <system-out/>
</testsuite> <!-- TestCase3 -->
