<?xml version="1.0" encoding="UTF-8"?>
<!-- Generated by org.testng.reporters.JUnitReportReporter -->
<testsuite hostname="DESKTOP-521VH08" failures="0" tests="1" name="TestCase2" time="6.131" errors="0" timestamp="2021-04-03T21:06:44 BST" skipped="0">
  <testcase classname="TestCase2" name="f" time="6.131"/>
  <system-out/>
</testsuite> <!-- TestCase2 -->
