<?xml version="1.0" encoding="UTF-8"?>
<!-- Generated by org.testng.reporters.JUnitReportReporter -->
<testsuite hostname="DESKTOP-521VH08" failures="0" tests="1" name="TestCase1" time="4.891" errors="0" timestamp="2021-04-03T16:41:31 BST" skipped="0">
  <testcase classname="TestCase1" name="login" time="4.891"/>
  <system-out/>
</testsuite> <!-- TestCase1 -->
