<?xml version="1.0" encoding="UTF-8"?>
<!-- Generated by org.testng.reporters.JUnitReportReporter -->
<testsuite hostname="DESKTOP-521VH08" failures="0" tests="1" name="NewTest" time="2.882" errors="0" timestamp="2021-04-03T16:15:23 BST" skipped="0">
  <testcase classname="NewTest" name="login" time="2.882"/>
  <system-out/>
</testsuite> <!-- NewTest -->
